[2m2026-04-23T20:04:52.622011Z[0m [32m INFO[0m [2mwheel_advisor[0m[2m:[0m Using YahooFinanceAdapter (live market data via Yahoo Finance)
[2m2026-04-23T20:04:52.623279Z[0m [32m INFO[0m [2mwheel_advisor[0m[2m:[0m Wheel Advisor API listening on 0.0.0.0:8080
[2m2026-04-23T20:04:52.662915Z[0m [34mDEBUG[0m [1mrequest[0m[1m{[0m[3mmethod[0m[2m=[0mGET [3muri[0m[2m=[0m/health [3mversion[0m[2m=[0mHTTP/1.1[1m}[0m[2m:[0m [2mtower_http::trace::on_request[0m[2m:[0m started processing request
[2m2026-04-23T20:04:52.662963Z[0m [34mDEBUG[0m [1mrequest[0m[1m{[0m[3mmethod[0m[2m=[0mGET [3muri[0m[2m=[0m/health [3mversion[0m[2m=[0mHTTP/1.1[1m}[0m[2m:[0m [2mtower_http::trace::on_response[0m[2m:[0m finished processing request [3mlatency[0m[2m=[0m0 ms [3mstatus[0m[2m=[0m200
[2m2026-04-23T20:05:01.271342Z[0m [34mDEBUG[0m [1mrequest[0m[1m{[0m[3mmethod[0m[2m=[0mGET [3muri[0m[2m=[0m/api/inventory [3mversion[0m[2m=[0mHTTP/1.1[1m}[0m[2m:[0m [2mtower_http::trace::on_request[0m[2m:[0m started processing request
[2m2026-04-23T20:05:01.271476Z[0m [34mDEBUG[0m [1mrequest[0m[1m{[0m[3mmethod[0m[2m=[0mGET [3muri[0m[2m=[0m/api/inventory [3mversion[0m[2m=[0mHTTP/1.1[1m}[0m[2m:[0m [2mtower_http::trace::on_response[0m[2m:[0m finished processing request [3mlatency[0m[2m=[0m0 ms [3mstatus[0m[2m=[0m200
[2m2026-04-23T20:05:31.287894Z[0m [34mDEBUG[0m [1mrequest[0m[1m{[0m[3mmethod[0m[2m=[0mGET [3muri[0m[2m=[0m/api/market-data?tickers=SOFI%2CPGY [3mversion[0m[2m=[0mHTTP/1.1[1m}[0m[2m:[0m [2mtower_http::trace::on_request[0m[2m:[0m started processing request
[2m2026-04-23T20:05:31.511651Z[0m [34mDEBUG[0m [1mrequest[0m[1m{[0m[3mmethod[0m[2m=[0mGET [3muri[0m[2m=[0m/api/market-data?tickers=SOFI%2CPGY [3mversion[0m[2m=[0mHTTP/1.1[1m}[0m[2m:[0m [2mtower_http::trace::on_response[0m[2m:[0m finished processing request [3mlatency[0m[2m=[0m223 ms [3mstatus[0m[2m=[0m200
[2m2026-04-23T20:05:41.377508Z[0m [34mDEBUG[0m [1mrequest[0m[1m{[0m[3mmethod[0m[2m=[0mPOST [3muri[0m[2m=[0m/api/inventory [3mversion[0m[2m=[0mHTTP/1.1[1m}[0m[2m:[0m [2mtower_http::trace::on_request[0m[2m:[0m started processing request
[2m2026-04-23T20:05:41.377643Z[0m [34mDEBUG[0m [1mrequest[0m[1m{[0m[3mmethod[0m[2m=[0mPOST [3muri[0m[2m=[0m/api/inventory [3mversion[0m[2m=[0mHTTP/1.1[1m}[0m[2m:[0m [2mtower_http::trace::on_response[0m[2m:[0m finished processing request [3mlatency[0m[2m=[0m0 ms [3mstatus[0m[2m=[0m201
[2m2026-04-23T20:05:41.387408Z[0m [34mDEBUG[0m [1mrequest[0m[1m{[0m[3mmethod[0m[2m=[0mGET [3muri[0m[2m=[0m/api/inventory [3mversion[0m[2m=[0mHTTP/1.1[1m}[0m[2m:[0m [2mtower_http::trace::on_request[0m[2m:[0m started processing request
[2m2026-04-23T20:05:41.387483Z[0m [34mDEBUG[0m [1mrequest[0m[1m{[0m[3mmethod[0m[2m=[0mGET [3muri[0m[2m=[0m/api/inventory [3mversion[0m[2m=[0mHTTP/1.1[1m}[0m[2m:[0m [2mtower_http::trace::on_response[0m[2m:[0m finished processing request [3mlatency[0m[2m=[0m0 ms [3mstatus[0m[2m=[0m200
[2m2026-04-23T20:05:41.690033Z[0m [34mDEBUG[0m [1mrequest[0m[1m{[0m[3mmethod[0m[2m=[0mGET [3muri[0m[2m=[0m/api/market-data?tickers=ET [3mversion[0m[2m=[0mHTTP/1.1[1m}[0m[2m:[0m [2mtower_http::trace::on_request[0m[2m:[0m started processing request
[2m2026-04-23T20:05:41.876500Z[0m [34mDEBUG[0m [1mrequest[0m[1m{[0m[3mmethod[0m[2m=[0mGET [3muri[0m[2m=[0m/api/market-data?tickers=ET [3mversion[0m[2m=[0mHTTP/1.1[1m}[0m[2m:[0m [2mtower_http::trace::on_response[0m[2m:[0m finished processing request [3mlatency[0m[2m=[0m186 ms [3mstatus[0m[2m=[0m200
[2m2026-04-23T20:05:54.285162Z[0m [34mDEBUG[0m [1mrequest[0m[1m{[0m[3mmethod[0m[2m=[0mPOST [3muri[0m[2m=[0m/api/inventory [3mversion[0m[2m=[0mHTTP/1.1[1m}[0m[2m:[0m [2mtower_http::trace::on_request[0m[2m:[0m started processing request
[2m2026-04-23T20:05:54.285458Z[0m [34mDEBUG[0m [1mrequest[0m[1m{[0m[3mmethod[0m[2m=[0mPOST [3muri[0m[2m=[0m/api/inventory [3mversion[0m[2m=[0mHTTP/1.1[1m}[0m[2m:[0m [2mtower_http::trace::on_response[0m[2m:[0m finished processing request [3mlatency[0m[2m=[0m0 ms [3mstatus[0m[2m=[0m201
[2m2026-04-23T20:05:54.585642Z[0m [34mDEBUG[0m [1mrequest[0m[1m{[0m[3mmethod[0m[2m=[0mGET [3muri[0m[2m=[0m/api/inventory [3mversion[0m[2m=[0mHTTP/1.1[1m}[0m[2m:[0m [2mtower_http::trace::on_request[0m[2m:[0m started processing request
[2m2026-04-23T20:05:54.585730Z[0m [34mDEBUG[0m [1mrequest[0m[1m{[0m[3mmethod[0m[2m=[0mGET [3muri[0m[2m=[0m/api/inventory [3mversion[0m[2m=[0mHTTP/1.1[1m}[0m[2m:[0m [2mtower_http::trace::on_response[0m[2m:[0m finished processing request [3mlatency[0m[2m=[0m0 ms [3mstatus[0m[2m=[0m200
[2m2026-04-23T20:05:54.818906Z[0m [34mDEBUG[0m [1mrequest[0m[1m{[0m[3mmethod[0m[2m=[0mGET [3muri[0m[2m=[0m/api/market-data?tickers=ET%2CEPD [3mversion[0m[2m=[0mHTTP/1.1[1m}[0m[2m:[0m [2mtower_http::trace::on_request[0m[2m:[0m started processing request
[2m2026-04-23T20:05:55.153822Z[0m [34mDEBUG[0m [1mrequest[0m[1m{[0m[3mmethod[0m[2m=[0mGET [3muri[0m[2m=[0m/api/market-data?tickers=ET%2CEPD [3mversion[0m[2m=[0mHTTP/1.1[1m}[0m[2m:[0m [2mtower_http::trace::on_response[0m[2m:[0m finished processing request [3mlatency[0m[2m=[0m334 ms [3mstatus[0m[2m=[0m200
[2m2026-04-23T20:06:03.482504Z[0m [34mDEBUG[0m [1mrequest[0m[1m{[0m[3mmethod[0m[2m=[0mPOST [3muri[0m[2m=[0m/api/recommendations [3mversion[0m[2m=[0mHTTP/1.1[1m}[0m[2m:[0m [2mtower_http::trace::on_request[0m[2m:[0m started processing request
[2m2026-04-23T20:06:03.781004Z[0m [34mDEBUG[0m [2mwheel_advisor::adapters::yahoo_finance[0m[2m:[0m Fetching Yahoo Finance options chain (shared session) [3mticker[0m[2m=[0mPGY
[2m2026-04-23T20:06:03.781097Z[0m [34mDEBUG[0m [2mwheel_advisor::adapters::yahoo_finance[0m[2m:[0m Fetching Yahoo Finance options chain (shared session) [3mticker[0m[2m=[0mSOFI
[2m2026-04-23T20:06:03.781056Z[0m [34mDEBUG[0m [2mwheel_advisor::adapters::yahoo_finance[0m[2m:[0m Fetching Yahoo Finance options chain (shared session) [3mticker[0m[2m=[0mEPD
[2m2026-04-23T20:06:03.781021Z[0m [34mDEBUG[0m [2mwheel_advisor::adapters::yahoo_finance[0m[2m:[0m Fetching Yahoo Finance options chain (shared session) [3mticker[0m[2m=[0mET
[2m2026-04-23T20:06:04.050862Z[0m [34mDEBUG[0m [2mwheel_advisor::adapters::yahoo_finance[0m[2m:[0m computed IV for contract [3mticker[0m[2m=[0mET [3mstrike[0m[2m=[0m15 [3miv[0m[2m=[0m0.6425816992187501 [3mdte[0m[2m=[0m29
[2m2026-04-23T20:06:04.051811Z[0m [34mDEBUG[0m [2mwheel_advisor::adapters::yahoo_finance[0m[2m:[0m computed IV for contract [3mticker[0m[2m=[0mET [3mstrike[0m[2m=[0m16.5 [3miv[0m[2m=[0m0.4699422006745976 [3mdte[0m[2m=[0m29
[2m2026-04-23T20:06:04.051824Z[0m [34mDEBUG[0m [2mwheel_advisor::adapters::yahoo_finance[0m[2m:[0m computed IV for contract [3mticker[0m[2m=[0mET [3mstrike[0m[2m=[0m17 [3miv[0m[2m=[0m0.3381250792271585 [3mdte[0m[2m=[0m29
[2m2026-04-23T20:06:04.051831Z[0m [34mDEBUG[0m [2mwheel_advisor::adapters::yahoo_finance[0m[2m:[0m computed IV for contract [3mticker[0m[2m=[0mET [3mstrike[0m[2m=[0m17.5 [3miv[0m[2m=[0m0.3762774234677633 [3mdte[0m[2m=[0m29
[2m2026-04-23T20:06:04.051837Z[0m [34mDEBUG[0m [2mwheel_advisor::adapters::yahoo_finance[0m[2m:[0m computed IV for contract [3mticker[0m[2m=[0mET [3mstrike[0m[2m=[0m18 [3miv[0m[2m=[0m0.31521395506190975 [3mdte[0m[2m=[0m29
[2m2026-04-23T20:06:04.051843Z[0m [34mDEBUG[0m [2mwheel_advisor::adapters::yahoo_finance[0m[2m:[0m computed IV for contract [3mticker[0m[2m=[0mET [3mstrike[0m[2m=[0m18.5 [3miv[0m[2m=[0m0.3114814990163109 [3mdte[0m[2m=[0m29
[2m2026-04-23T20:06:04.051849Z[0m [34mDEBUG[0m [2mwheel_advisor::adapters::yahoo_finance[0m[2m:[0m computed IV for contract [3mticker[0m[2m=[0mET [3mstrike[0m[2m=[0m19 [3miv[0m[2m=[0m0.3293425892385307 [3mdte[0m[2m=[0m29
[2m2026-04-23T20:06:04.051863Z[0m [34mDEBUG[0m [2mwheel_advisor::adapters::yahoo_finance[0m[2m:[0m computed IV for contract [3mticker[0m[2m=[0mET [3mstrike[0m[2m=[0m19.5 [3miv[0m[2m=[0m0.3497362514195327 [3mdte[0m[2m=[0m29
[2m2026-04-23T20:06:04.051868Z[0m [34mDEBUG[0m [2mwheel_advisor::adapters::yahoo_finance[0m[2m:[0m computed IV for contract [3mticker[0m[2m=[0mET [3mstrike[0m[2m=[0m20 [3miv[0m[2m=[0m0.4097667965355402 [3mdte[0m[2m=[0m29
[2m2026-04-23T20:06:04.051872Z[0m [34mDEBUG[0m [2mwheel_advisor::adapters::yahoo_finance[0m[2m:[0m computed IV for contract [3mticker[0m[2m=[0mET [3mstrike[0m[2m=[0m15 [3miv[0m[2m=[0m1.0185595947265624 [3mdte[0m[2m=[0m29
[2m2026-04-23T20:06:04.051877Z[0m [34mDEBUG[0m [2mwheel_advisor::adapters::yahoo_finance[0m[2m:[0m computed IV for contract [3mticker[0m[2m=[0mET [3mstrike[0m[2m=[0m17 [3miv[0m[2m=[0m0.6279334082031252 [3mdte[0m[2m=[0m29
[2m2026-04-23T20:06:04.051881Z[0m [34mDEBUG[0m [2mwheel_advisor::adapters::yahoo_finance[0m[2m:[0m computed IV for contract [3mticker[0m[2m=[0mET [3mstrike[0m[2m=[0m17.5 [3miv[0m[2m=[0m0.3014700699925318 [3mdte[0m[2m=[0m29
[2m2026-04-23T20:06:04.051886Z[0m [34mDEBUG[0m [2mwheel_advisor::adapters::yahoo_finance[0m[2m:[0m computed IV for contract [3mticker[0m[2m=[0mET [3mstrike[0m[2m=[0m18 [3miv[0m[2m=[0m0.25098405273437496 [3mdte[0m[2m=[0m29
[2m2026-04-23T20:06:04.051890Z[0m [34mDEBUG[0m [2mwheel_advisor::adapters::yahoo_finance[0m[2m:[0m computed IV for contract [3mticker[0m[2m=[0mET [3mstrike[0m[2m=[0m18.5 [3miv[0m[2m=[0m0.19082760469188897 [3mdte[0m[2m=[0m29
[2m2026-04-23T20:06:04.051894Z[0m [34mDEBUG[0m [2mwheel_advisor::adapters::yahoo_finance[0m[2m:[0m computed IV for contract [3mticker[0m[2m=[0mET [3mstrike[0m[2m=[0m19 [3miv[0m[2m=[0m0.1533118980870882 [3mdte[0m[2m=[0m29
[2m2026-04-23T20:06:04.051899Z[0m [34mDEBUG[0m [2mwheel_advisor::adapters::yahoo_finance[0m[2m:[0m computed IV for contract [3mticker[0m[2m=[0mET [3mstrike[0m[2m=[0m19.5 [3miv[0m[2m=[0m0.15727103381289098 [3mdte[0m[2m=[0m29
[2m2026-04-23T20:06:04.051903Z[0m [34mDEBUG[0m [2mwheel_advisor::adapters::yahoo_finance[0m[2m:[0m computed IV for contract [3mticker[0m[2m=[0mET [3mstrike[0m[2m=[0m20 [3miv[0m[2m=[0m0.17200885805047725 [3mdte[0m[2m=[0m29
[2m2026-04-23T20:06:04.051908Z[0m [34mDEBUG[0m [2mwheel_advisor::adapters::yahoo_finance[0m[2m:[0m computed IV for contract [3mticker[0m[2m=[0mET [3mstrike[0m[2m=[0m20.5 [3miv[0m[2m=[0m0.1812984407269459 [3mdte[0m[2m=[0m29
[2m2026-04-23T20:06:04.051912Z[0m [34mDEBUG[0m [2mwheel_advisor::adapters::yahoo_finance[0m[2m:[0m computed IV for contract [3mticker[0m[2m=[0mET [3mstrike[0m[2m=[0m21 [3miv[0m[2m=[0m0.24959297022646382 [3mdte[0m[2m=[0m29
[2m2026-04-23T20:06:04.051917Z[0m [34mDEBUG[0m [2mwheel_advisor::adapters::yahoo_finance[0m[2m:[0m computed IV for contract [3mticker[0m[2m=[0mET [3mstrike[0m[2m=[0m22 [3miv[0m[2m=[0m0.28227620570248285 [3mdte[0m[2m=[0m29
[2m2026-04-23T20:06:04.051921Z[0m [34mDEBUG[0m [2mwheel_advisor::adapters::yahoo_finance[0m[2m:[0m computed IV for contract [3mticker[0m[2m=[0mET [3mstrike[0m[2m=[0m22.5 [3miv[0m[2m=[0m0.5210351175810206 [3mdte[0m[2m=[0m29
[2m2026-04-23T20:06:04.063930Z[0m [34mDEBUG[0m [2mwheel_advisor::adapters::yahoo_finance[0m[2m:[0m computed IV for contract [3mticker[0m[2m=[0mEPD [3mstrike[0m[2m=[0m30 [3miv[0m[2m=[0m0.4114458766513098 [3mdte[0m[2m=[0m29
[2m2026-04-23T20:06:04.063987Z[0m [34mDEBUG[0m [2mwheel_advisor::adapters::yahoo_finance[0m[2m:[0m computed IV for contract [3mticker[0m[2m=[0mEPD [3mstrike[0m[2m=[0m33 [3miv[0m[2m=[0m0.4703364344886551 [3mdte[0m[2m=[0m29
[2m2026-04-23T20:06:04.064013Z[0m [34mDEBUG[0m [2mwheel_advisor::adapters::yahoo_finance[0m[2m:[0m computed IV for contract [3mticker[0m[2m=[0mEPD [3mstrike[0m[2m=[0m34 [3miv[0m[2m=[0m0.39344608803235326 [3mdte[0m[2m=[0m29
[2m2026-04-23T20:06:04.064020Z[0m [34mDEBUG[0m [2mwheel_advisor::adapters::yahoo_finance[0m[2m:[0m computed IV for contract [3mticker[0m[2m=[0mEPD [3mstrike[0m[2m=[0m35 [3miv[0m[2m=[0m0.3297280053662624 [3mdte[0m[2m=[0m29
[2m2026-04-23T20:06:04.064026Z[0m [34mDEBUG[0m [2mwheel_advisor::adapters::yahoo_finance[0m[2m:[0m computed IV for contract [3mticker[0m[2m=[0mEPD [3mstrike[0m[2m=[0m36 [3miv[0m[2m=[0m0.29265887594374984 [3mdte[0m[2m=[0m29
[2m2026-04-23T20:06:04.064032Z[0m [34mDEBUG[0m [2mwheel_advisor::adapters::yahoo_finance[0m[2m:[0m computed IV for contract [3mticker[0m[2m=[0mEPD [3mstrike[0m[2m=[0m37 [3miv[0m[2m=[0m0.29069542712567303 [3mdte[0m[2m=[0m29
[2m2026-04-23T20:06:04.064037Z[0m [34mDEBUG[0m [2mwheel_advisor::adapters::yahoo_finance[0m[2m:[0m computed IV for contract [3mticker[0m[2m=[0mEPD [3mstrike[0m[2m=[0m38 [3miv[0m[2m=[0m0.33975214197710896 [3mdte[0m[2m=[0m29
[2m2026-04-23T20:06:04.064042Z[0m [34mDEBUG[0m [2mwheel_advisor::adapters::yahoo_finance[0m[2m:[0m computed IV for contract [3mticker[0m[2m=[0mEPD [3mstrike[0m[2m=[0m27 [3miv[0m[2m=[0m1.1630901220703125 [3mdte[0m[2m=[0m29
[2m2026-04-23T20:06:04.064048Z[0m [34mDEBUG[0m [2mwheel_advisor::adapters::yahoo_finance[0m[2m:[0m computed IV for contract [3mticker[0m[2m=[0mEPD [3mstrike[0m[2m=[0m34 [3miv[0m[2m=[0m0.21030057832922255 [3mdte[0m[2m=[0m29
[2m2026-04-23T20:06:04.064053Z[0m [34mDEBUG[0m [2mwheel_advisor::adapters::yahoo_finance[0m[2m:[0m computed IV for contract [3mticker[0m[2m=[0mEPD [3mstrike[0m[2m=[0m35 [3miv[0m[2m=[0m0.44287666503906253 [3mdte[0m[2m=[0m29
[2m2026-04-23T20:06:04.064058Z[0m [34mDEBUG[0m [2mwheel_advisor::adapters::yahoo_finance[0m[2m:[0m computed IV for contract [3mticker[0m[2m=[0mEPD [3mstrike[0m[2m=[0m36 [3miv[0m[2m=[0m0.2963937548828125 [3mdte[0m[2m=[0m29
[2m2026-04-23T20:06:04.064064Z[0m [34mDEBUG[0m [2mwheel_advisor::adapters::yahoo_finance[0m[2m:[0m computed IV for contract [3mticker[0m[2m=[0mEPD [3mstrike[0m[2m=[0m37 [3miv[0m[2m=[0m0.1828825973615982 [3mdte[0m[2m=[0m29
[2m2026-04-23T20:06:04.064069Z[0m [34mDEBUG[0m [2mwheel_advisor::adapters::yahoo_finance[0m[2m:[0m computed IV for contract [3mticker[0m[2m=[0mEPD [3mstrike[0m[2m=[0m38 [3miv[0m[2m=[0m0.20085496285418264 [3mdte[0m[2m=[0m29
[2m2026-04-23T20:06:04.064074Z[0m [34mDEBUG[0m [2mwheel_advisor::adapters::yahoo_finance[0m[2m:[0m computed IV for contract [3mticker[0m[2m=[0mEPD [3mstrike[0m[2m=[0m39 [3miv[0m[2m=[0m0.1557175218432421 [3mdte[0m[2m=[0m29
[2m2026-04-23T20:06:04.064080Z[0m [34mDEBUG[0m [2mwheel_advisor::adapters::yahoo_finance[0m[2m:[0m computed IV for contract [3mticker[0m[2m=[0mEPD [3mstrike[0m[2m=[0m40 [3miv[0m[2m=[0m0.18964084033836498 [3mdte[0m[2m=[0m29
[2m2026-04-23T20:06:04.064085Z[0m [34mDEBUG[0m [2mwheel_advisor::adapters::yahoo_finance[0m[2m:[0m computed IV for contract [3mticker[0m[2m=[0mEPD [3mstrike[0m[2m=[0m41 [3miv[0m[2m=[0m0.29564194541553324 [3mdte[0m[2m=[0m29
[2m2026-04-23T20:06:04.064091Z[0m [34mDEBUG[0m [2mwheel_advisor::adapters::yahoo_finance[0m[2m:[0m computed IV for contract [3mticker[0m[2m=[0mEPD [3mstrike[0m[2m=[0m47 [3miv[0m[2m=[0m0.576806691152619 [3mdte[0m[2m=[0m29
[2m2026-04-23T20:06:04.064096Z[0m [34mDEBUG[0m [2mwheel_advisor::adapters::yahoo_finance[0m[2m:[0m computed IV for contract [3mticker[0m[2m=[0mEPD [3mstrike[0m[2m=[0m48 [3miv[0m[2m=[0m0.6168869839883837 [3mdte[0m[2m=[0m29
[2m2026-04-23T20:06:04.107102Z[0m [34mDEBUG[0m [2mwheel_advisor::adapters::yahoo_finance[0m[2m:[0m computed IV for contract [3mticker[0m[2m=[0mSOFI [3mstrike[0m[2m=[0m8 [3miv[0m[2m=[0m0.3 [3mdte[0m[2m=[0m29
[2m2026-04-23T20:06:04.107187Z[0m [34mDEBUG[0m [2mwheel_advisor::adapters::yahoo_finance[0m[2m:[0m computed IV for contract [3mticker[0m[2m=[0mSOFI [3mstrike[0m[2m=[0m9 [3miv[0m[2m=[0m0.3 [3mdte[0m[2m=[0m29
[2m2026-04-23T20:06:04.107200Z[0m [34mDEBUG[0m [2mwheel_advisor::adapters::yahoo_finance[0m[2m:[0m computed IV for contract [3mticker[0m[2m=[0mSOFI [3mstrike[0m[2m=[0m10 [3miv[0m[2m=[0m1.3476595117187498 [3mdte[0m[2m=[0m29
[2m2026-04-23T20:06:04.107207Z[0m [34mDEBUG[0m [2mwheel_advisor::adapters::yahoo_finance[0m[2m:[0m computed IV for contract [3mticker[0m[2m=[0mSOFI [3mstrike[0m[2m=[0m11 [3miv[0m[2m=[0m1.2656286718749998 [3mdte[0m[2m=[0m29
[2m2026-04-23T20:06:04.107213Z[0m [34mDEBUG[0m [2mwheel_advisor::adapters::yahoo_finance[0m[2m:[0m computed IV for contract [3mticker[0m[2m=[0mSOFI [3mstrike[0m[2m=[0m11.5 [3miv[0m[2m=[0m0.9492192578125 [3mdte[0m[2m=[0m29
[2m2026-04-23T20:06:04.107220Z[0m [34mDEBUG[0m [2mwheel_advisor::adapters::yahoo_finance[0m[2m:[0m computed IV for contract [3mticker[0m[2m=[0mSOFI [3mstrike[0m[2m=[0m12 [3miv[0m[2m=[0m0.8867198828124999 [3mdte[0m[2m=[0m29
[2m2026-04-23T20:06:04.107226Z[0m [34mDEBUG[0m [2mwheel_advisor::adapters::yahoo_finance[0m[2m:[0m computed IV for contract [3mticker[0m[2m=[0mSOFI [3mstrike[0m[2m=[0m12.5 [3miv[0m[2m=[0m1.0371141894531253 [3mdte[0m[2m=[0m29
[2m2026-04-23T20:06:04.107232Z[0m [34mDEBUG[0m [2mwheel_advisor::adapters::yahoo_finance[0m[2m:[0m computed IV for contract [3mticker[0m[2m=[0mSOFI [3mstrike[0m[2m=[0m13 [3miv[0m[2m=[0m0.851563984375 [3mdte[0m[2m=[0m29
[2m2026-04-23T20:06:04.107237Z[0m [34mDEBUG[0m [2mwheel_advisor::adapters::yahoo_finance[0m[2m:[0m computed IV for contract [3mticker[0m[2m=[0mSOFI [3mstrike[0m[2m=[0m13.5 [3miv[0m[2m=[0m0.79687703125 [3mdte[0m[2m=[0m29
[2m2026-04-23T20:06:04.107243Z[0m [34mDEBUG[0m [2mwheel_advisor::adapters::yahoo_finance[0m[2m:[0m computed IV for contract [3mticker[0m[2m=[0mSOFI [3mstrike[0m[2m=[0m14 [3miv[0m[2m=[0m0.7812521875 [3mdte[0m[2m=[0m29
[2m2026-04-23T20:06:04.107249Z[0m [34mDEBUG[0m [2mwheel_advisor::adapters::yahoo_finance[0m[2m:[0m computed IV for contract [3mticker[0m[2m=[0mSOFI [3mstrike[0m[2m=[0m14.5 [3miv[0m[2m=[0m0.7539087109375 [3mdte[0m[2m=[0m29
[2m2026-04-23T20:06:04.107255Z[0m [34mDEBUG[0m [2mwheel_advisor::adapters::yahoo_finance[0m[2m:[0m computed IV for contract [3mticker[0m[2m=[0mSOFI [3mstrike[0m[2m=[0m15 [3miv[0m[2m=[0m0.7708270752388329 [3mdte[0m[2m=[0m29
[2m2026-04-23T20:06:04.107260Z[0m [34mDEBUG[0m [2mwheel_advisor::adapters::yahoo_finance[0m[2m:[0m computed IV for contract [3mticker[0m[2m=[0mSOFI [3mstrike[0m[2m=[0m15.5 [3miv[0m[2m=[0m0.7508120209089014 [3mdte[0m[2m=[0m29
[2m2026-04-23T20:06:04.107265Z[0m [34mDEBUG[0m [2mwheel_advisor::adapters::yahoo_finance[0m[2m:[0m computed IV for contract [3mticker[0m[2m=[0mSOFI [3mstrike[0m[2m=[0m16 [3miv[0m[2m=[0m0.7428790090885609 [3mdte[0m[2m=[0m29
[2m2026-04-23T20:06:04.107271Z[0m [34mDEBUG[0m [2mwheel_advisor::adapters::yahoo_finance[0m[2m:[0m computed IV for contract [3mticker[0m[2m=[0mSOFI [3mstrike[0m[2m=[0m16.5 [3miv[0m[2m=[0m0.7363801797345374 [3mdte[0m[2m=[0m29
[2m2026-04-23T20:06:04.107276Z[0m [34mDEBUG[0m [2mwheel_advisor::adapters::yahoo_finance[0m[2m:[0m computed IV for contract [3mticker[0m[2m=[0mSOFI [3mstrike[0m[2m=[0m17 [3miv[0m[2m=[0m0.7274008127203244 [3mdte[0m[2m=[0m29
[2m2026-04-23T20:06:04.107280Z[0m [34mDEBUG[0m [2mwheel_advisor::adapters::yahoo_finance[0m[2m:[0m computed IV for contract [3mticker[0m[2m=[0mSOFI [3mstrike[0m[2m=[0m17.5 [3miv[0m[2m=[0m0.7235280275886663 [3mdte[0m[2m=[0m29
[2m2026-04-23T20:06:04.107285Z[0m [34mDEBUG[0m [2mwheel_advisor::adapters::yahoo_finance[0m[2m:[0m computed IV for contract [3mticker[0m[2m=[0mSOFI [3mstrike[0m[2m=[0m18 [3miv[0m[2m=[0m0.7262069478926291 [3mdte[0m[2m=[0m29
[2m2026-04-23T20:06:04.107298Z[0m [34mDEBUG[0m [2mwheel_advisor::adapters::yahoo_finance[0m[2m:[0m computed IV for contract [3mticker[0m[2m=[0mSOFI [3mstrike[0m[2m=[0m18.5 [3miv[0m[2m=[0m0.7131990882260938 [3mdte[0m[2m=[0m29
[2m2026-04-23T20:06:04.107303Z[0m [34mDEBUG[0m [2mwheel_advisor::adapters::yahoo_finance[0m[2m:[0m computed IV for contract [3mticker[0m[2m=[0mSOFI [3mstrike[0m[2m=[0m19 [3miv[0m[2m=[0m0.6924417697902722 [3mdte[0m[2m=[0m29
[2m2026-04-23T20:06:04.107307Z[0m [34mDEBUG[0m [2mwheel_advisor::adapters::yahoo_finance[0m[2m:[0m computed IV for contract [3mticker[0m[2m=[0mSOFI [3mstrike[0m[2m=[0m19.5 [3miv[0m[2m=[0m0.7030825937789952 [3mdte[0m[2m=[0m29
[2m2026-04-23T20:06:04.107311Z[0m [34mDEBUG[0m [2mwheel_advisor::adapters::yahoo_finance[0m[2m:[0m computed IV for contract [3mticker[0m[2m=[0mSOFI [3mstrike[0m[2m=[0m20 [3miv[0m[2m=[0m0.6969931236497001 [3mdte[0m[2m=[0m29
[2m2026-04-23T20:06:04.107316Z[0m [34mDEBUG[0m [2mwheel_advisor::adapters::yahoo_finance[0m[2m:[0m computed IV for contract [3mticker[0m[2m=[0mSOFI [3mstrike[0m[2m=[0m20.5 [3miv[0m[2m=[0m0.6811616089931712 [3mdte[0m[2m=[0m29
[2m2026-04-23T20:06:04.107320Z[0m [34mDEBUG[0m [2mwheel_advisor::adapters::yahoo_finance[0m[2m:[0m computed IV for contract [3mticker[0m[2m=[0mSOFI [3mstrike[0m[2m=[0m21 [3miv[0m[2m=[0m0.7652032084036605 [3mdte[0m[2m=[0m29
[2m2026-04-23T20:06:04.107325Z[0m [34mDEBUG[0m [2mwheel_advisor::adapters::yahoo_finance[0m[2m:[0m computed IV for contract [3mticker[0m[2m=[0mSOFI [3mstrike[0m[2m=[0m22 [3miv[0m[2m=[0m0.6044561709875997 [3mdte[0m[2m=[0m29
[2m2026-04-23T20:06:04.107329Z[0m [34mDEBUG[0m [2mwheel_advisor::adapters::yahoo_finance[0m[2m:[0m computed IV for contract [3mticker[0m[2m=[0mSOFI [3mstrike[0m[2m=[0m23 [3miv[0m[2m=[0m0.5564242277333482 [3mdte[0m[2m=[0m29
[2m2026-04-23T20:06:04.107333Z[0m [34mDEBUG[0m [2mwheel_advisor::adapters::yahoo_finance[0m[2m:[0m computed IV for contract [3mticker[0m[2m=[0mSOFI [3mstrike[0m[2m=[0m24 [3miv[0m[2m=[0m0.523442265625 [3mdte[0m[2m=[0m29
[2m2026-04-23T20:06:04.107337Z[0m [34mDEBUG[0m [2mwheel_advisor::adapters::yahoo_finance[0m[2m:[0m computed IV for contract [3mticker[0m[2m=[0mSOFI [3mstrike[0m[2m=[0m25 [3miv[0m[2m=[0m1.0976607617187502 [3mdte[0m[2m=[0m29
[2m2026-04-23T20:06:04.107341Z[0m [34mDEBUG[0m [2mwheel_advisor::adapters::yahoo_finance[0m[2m:[0m computed IV for contract [3mticker[0m[2m=[0mSOFI [3mstrike[0m[2m=[0m30 [3miv[0m[2m=[0m1.8583991455078124 [3mdte[0m[2m=[0m29
[2m2026-04-23T20:06:04.107346Z[0m [34mDEBUG[0m [2mwheel_advisor::adapters::yahoo_finance[0m[2m:[0m computed IV for contract [3mticker[0m[2m=[0mSOFI [3mstrike[0m[2m=[0m8 [3miv[0m[2m=[0m0.3 [3mdte[0m[2m=[0m29
[2m2026-04-23T20:06:04.107350Z[0m [34mDEBUG[0m [2mwheel_advisor::adapters::yahoo_finance[0m[2m:[0m computed IV for contract [3mticker[0m[2m=[0mSOFI [3mstrike[0m[2m=[0m9 [3miv[0m[2m=[0m0.3 [3mdte[0m[2m=[0m29
[2m2026-04-23T20:06:04.107355Z[0m [34mDEBUG[0m [2mwheel_advisor::adapters::yahoo_finance[0m[2m:[0m computed IV for contract [3mticker[0m[2m=[0mSOFI [3mstrike[0m[2m=[0m10 [3miv[0m[2m=[0m1.765626171875 [3mdte[0m[2m=[0m29
[2m2026-04-23T20:06:04.107359Z[0m [34mDEBUG[0m [2mwheel_advisor::adapters::yahoo_finance[0m[2m:[0m computed IV for contract [3mticker[0m[2m=[0mSOFI [3mstrike[0m[2m=[0m11 [3miv[0m[2m=[0m1.3398470507812497 [3mdte[0m[2m=[0m29
[2m2026-04-23T20:06:04.107363Z[0m [34mDEBUG[0m [2mwheel_advisor::adapters::yahoo_finance[0m[2m:[0m computed IV for contract [3mticker[0m[2m=[0mSOFI [3mstrike[0m[2m=[0m12 [3miv[0m[2m=[0m1.3886749316406248 [3mdte[0m[2m=[0m29
[2m2026-04-23T20:06:04.107368Z[0m [34mDEBUG[0m [2mwheel_advisor::adapters::yahoo_finance[0m[2m:[0m computed IV for contract [3mticker[0m[2m=[0mSOFI [3mstrike[0m[2m=[0m13 [3miv[0m[2m=[0m1.08984830078125 [3mdte[0m[2m=[0m29
[2m2026-04-23T20:06:04.107379Z[0m [34mDEBUG[0m [2mwheel_advisor::adapters::yahoo_finance[0m[2m:[0m computed IV for contract [3mticker[0m[2m=[0mSOFI [3mstrike[0m[2m=[0m14 [3miv[0m[2m=[0m1.0234423828125 [3mdte[0m[2m=[0m29
[2m2026-04-23T20:06:04.107384Z[0m [34mDEBUG[0m [2mwheel_advisor::adapters::yahoo_finance[0m[2m:[0m computed IV for contract [3mticker[0m[2m=[0mSOFI [3mstrike[0m[2m=[0m14.5 [3miv[0m[2m=[0m0.73437765625 [3mdte[0m[2m=[0m29
[2m2026-04-23T20:06:04.107388Z[0m [34mDEBUG[0m [2mwheel_advisor::adapters::yahoo_finance[0m[2m:[0m computed IV for contract [3mticker[0m[2m=[0mSOFI [3mstrike[0m[2m=[0m15 [3miv[0m[2m=[0m0.6918919402935956 [3mdte[0m[2m=[0m29
[2m2026-04-23T20:06:04.107393Z[0m [34mDEBUG[0m [2mwheel_advisor::adapters::yahoo_finance[0m[2m:[0m computed IV for contract [3mticker[0m[2m=[0mSOFI [3mstrike[0m[2m=[0m15.5 [3miv[0m[2m=[0m0.9562360537527527 [3mdte[0m[2m=[0m29
[2m2026-04-23T20:06:04.107397Z[0m [34mDEBUG[0m [2mwheel_advisor::adapters::yahoo_finance[0m[2m:[0m computed IV for contract [3mticker[0m[2m=[0mSOFI [3mstrike[0m[2m=[0m16 [3miv[0m[2m=[0m1.076906549727568 [3mdte[0m[2m=[0m29
[2m2026-04-23T20:06:04.107401Z[0m [34mDEBUG[0m [2mwheel_advisor::adapters::yahoo_finance[0m[2m:[0m computed IV for contract [3mticker[0m[2m=[0mSOFI [3mstrike[0m[2m=[0m16.5 [3miv[0m[2m=[0m0.7596735531643781 [3mdte[0m[2m=[0m29
[2m2026-04-23T20:06:04.107406Z[0m [34mDEBUG[0m [2mwheel_advisor::adapters::yahoo_finance[0m[2m:[0m computed IV for contract [3mticker[0m[2m=[0mSOFI [3mstrike[0m[2m=[0m17 [3miv[0m[2m=[0m0.6849262549269428 [3mdte[0m[2m=[0m29
[2m2026-04-23T20:06:04.107410Z[0m [34mDEBUG[0m [2mwheel_advisor::adapters::yahoo_finance[0m[2m:[0m computed IV for contract [3mticker[0m[2m=[0mSOFI [3mstrike[0m[2m=[0m17.5 [3miv[0m[2m=[0m0.7032174097316948 [3mdte[0m[2m=[0m29
[2m2026-04-23T20:06:04.107414Z[0m [34mDEBUG[0m [2mwheel_advisor::adapters::yahoo_finance[0m[2m:[0m computed IV for contract [3mticker[0m[2m=[0mSOFI [3mstrike[0m[2m=[0m18 [3miv[0m[2m=[0m0.7056892607231356 [3mdte[0m[2m=[0m29
[2m2026-04-23T20:06:04.107418Z[0m [34mDEBUG[0m [2mwheel_advisor::adapters::yahoo_finance[0m[2m:[0m computed IV for contract [3mticker[0m[2m=[0mSOFI [3mstrike[0m[2m=[0m18.5 [3miv[0m[2m=[0m0.7018376631031522 [3mdte[0m[2m=[0m29
[2m2026-04-23T20:06:04.107422Z[0m [34mDEBUG[0m [2mwheel_advisor::adapters::yahoo_finance[0m[2m:[0m computed IV for contract [3mticker[0m[2m=[0mSOFI [3mstrike[0m[2m=[0m19 [3miv[0m[2m=[0m0.709307467872752 [3mdte[0m[2m=[0m29
[2m2026-04-23T20:06:04.107427Z[0m [34mDEBUG[0m [2mwheel_advisor::adapters::yahoo_finance[0m[2m:[0m computed IV for contract [3mticker[0m[2m=[0mSOFI [3mstrike[0m[2m=[0m19.5 [3miv[0m[2m=[0m0.6870796891456499 [3mdte[0m[2m=[0m29
[2m2026-04-23T20:06:04.107431Z[0m [34mDEBUG[0m [2mwheel_advisor::adapters::yahoo_finance[0m[2m:[0m computed IV for contract [3mticker[0m[2m=[0mSOFI [3mstrike[0m[2m=[0m20 [3miv[0m[2m=[0m0.6973545368193583 [3mdte[0m[2m=[0m29
[2m2026-04-23T20:06:04.107435Z[0m [34mDEBUG[0m [2mwheel_advisor::adapters::yahoo_finance[0m[2m:[0m computed IV for contract [3mticker[0m[2m=[0mSOFI [3mstrike[0m[2m=[0m20.5 [3miv[0m[2m=[0m0.6777580902734311 [3mdte[0m[2m=[0m29
[2m2026-04-23T20:06:04.107439Z[0m [34mDEBUG[0m [2mwheel_advisor::adapters::yahoo_finance[0m[2m:[0m computed IV for contract [3mticker[0m[2m=[0mSOFI [3mstrike[0m[2m=[0m21 [3miv[0m[2m=[0m0.7016492300195496 [3mdte[0m[2m=[0m29
[2m2026-04-23T20:06:04.107444Z[0m [34mDEBUG[0m [2mwheel_advisor::adapters::yahoo_finance[0m[2m:[0m computed IV for contract [3mticker[0m[2m=[0mSOFI [3mstrike[0m[2m=[0m22 [3miv[0m[2m=[0m0.6929853279786582 [3mdte[0m[2m=[0m29
[2m2026-04-23T20:06:04.107452Z[0m [34mDEBUG[0m [2mwheel_advisor::adapters::yahoo_finance[0m[2m:[0m computed IV for contract [3mticker[0m[2m=[0mSOFI [3mstrike[0m[2m=[0m23 [3miv[0m[2m=[0m0.7049676656247348 [3mdte[0m[2m=[0m29
[2m2026-04-23T20:06:04.107456Z[0m [34mDEBUG[0m [2mwheel_advisor::adapters::yahoo_finance[0m[2m:[0m computed IV for contract [3mticker[0m[2m=[0mSOFI [3mstrike[0m[2m=[0m24 [3miv[0m[2m=[0m0.7421900781249999 [3mdte[0m[2m=[0m29
[2m2026-04-23T20:06:04.107460Z[0m [34mDEBUG[0m [2mwheel_advisor::adapters::yahoo_finance[0m[2m:[0m computed IV for contract [3mticker[0m[2m=[0mSOFI [3mstrike[0m[2m=[0m25 [3miv[0m[2m=[0m0.7304714453125 [3mdte[0m[2m=[0m29
[2m2026-04-23T20:06:04.107465Z[0m [34mDEBUG[0m [2mwheel_advisor::adapters::yahoo_finance[0m[2m:[0m computed IV for contract [3mticker[0m[2m=[0mSOFI [3mstrike[0m[2m=[0m30 [3miv[0m[2m=[0m0.851563984375 [3mdte[0m[2m=[0m29
[2m2026-04-23T20:06:04.107501Z[0m [33m WARN[0m [1mrequest[0m[1m{[0m[3mmethod[0m[2m=[0mPOST [3muri[0m[2m=[0m/api/recommendations [3mversion[0m[2m=[0mHTTP/1.1[1m}[0m[2m:[0m [2mwheel_advisor::adapters::yahoo_finance[0m[2m:[0m Failed to fetch options for PGY: No expirations in 25-35 DTE window for PGY
[2m2026-04-23T20:06:04.347084Z[0m [34mDEBUG[0m [1mrequest[0m[1m{[0m[3mmethod[0m[2m=[0mPOST [3muri[0m[2m=[0m/api/recommendations [3mversion[0m[2m=[0mHTTP/1.1[1m}[0m[2m:[0m [2mtower_http::trace::on_response[0m[2m:[0m finished processing request [3mlatency[0m[2m=[0m864 ms [3mstatus[0m[2m=[0m200
